GROUP,PACKAGE,CLASS,INSTRUCTION_MISSED,INSTRUCTION_COVERED,BRANCH_MISSED,BRANCH_COVERED,LINE_MISSED,LINE_COVERED,COMPLEXITY_MISSED,COMPLEXITY_COVERED,METHOD_MISSED,METHOD_COVERED
aula,com.devsuperior.dscommerce.services,AuthService,0,23,0,4,0,7,0,4,0,2
aula,com.devsuperior.dscommerce.services,ProductService,0,149,0,4,0,34,0,11,0,9
aula,com.devsuperior.dscommerce.services,OrderService,0,94,0,2,0,17,0,5,0,4
aula,com.devsuperior.dscommerce.services,UserService,0,81,0,4,0,17,0,6,0,4
aula,com.devsuperior.dscommerce.services,CategoryService,0,18,0,0,0,3,0,3,0,3
