<?xml version="1.0" encoding="UTF-8"?>
<testsuite xmlns:xsi="http://www.w3.org/2001/XMLSchema-instance" xsi:noNamespaceSchemaLocation="https://maven.apache.org/surefire/maven-surefire-plugin/xsd/surefire-test-report-3.0.xsd" version="3.0" name="com.devsuperior.dscommerce.DscommerceApplicationTests" time="12.236" tests="1" errors="0" skipped="0" failures="0">
  <properties>
[...]
</properties>
  <testcase name="contextLoads" classname="com.devsuperior.dscommerce.DscommerceApplicationTests" time="0.71">
    <system-out><![CDATA[16:22:06.467 [main] INFO org.springframework.test.context.support.AnnotationConfigContextLoaderUtils -- Could not detect default configuration classes for test class [com.devsuperior.dscommerce.DscommerceApplicationTests]: DscommerceApplicationTests does not declare any static, non-private, non-final, nested classes annotated with @Configuration.
16:22:06.723 [main] INFO org.springframework.boot.test.context.SpringBootTestContextBootstrapper -- Found @SpringBootConfiguration com.devsuperior.dscommerce.DscommerceApplication for test class com.devsuperior.dscommerce.DscommerceApplicationTests

  .   ____          _            __ _ _
 /\\ / ___'_ __ _ _(_)_ __  __ _ \ \ \ \
( ( )\___ | '_ | '_| | '_ \/ _` | \ \ \ \
 \\/  ___)| |_)| | | | | || (_| |  ) ) ) )
  '  |____| .__|_| |_|_| |_\__, | / / / /
 =========|_|==============|___/=/_/_/_/
 :: Spring Boot ::               (v3.1.12)

2024-12-11T16:22:07.630-03:00  INFO 9460 --- [           main] c.d.d.DscommerceApplicationTests         : Starting DscommerceApplicationTests using Java 17.0.7 with PID 9460 (started by Pichau in C:\Users\Pichau\Desktop\Java Spring Expert Nelio Alves\dscommerce-jacoco)
2024-12-11T16:22:07.632-03:00  INFO 9460 --- [           main] c.d.d.DscommerceApplicationTests         : The following 1 profile is active: "test"
2024-12-11T16:22:08.971-03:00  INFO 9460 --- [           main] .s.d.r.c.RepositoryConfigurationDelegate : Bootstrapping Spring Data JPA repositories in DEFAULT mode.
2024-12-11T16:22:09.124-03:00  INFO 9460 --- [           main] .s.d.r.c.RepositoryConfigurationDelegate : Finished Spring Data repository scanning in 136 ms. Found 5 JPA repository interfaces.
2024-12-11T16:22:10.159-03:00  INFO 9460 --- [           main] com.zaxxer.hikari.HikariDataSource       : HikariPool-1 - Starting...
2024-12-11T16:22:10.720-03:00  INFO 9460 --- [           main] com.zaxxer.hikari.pool.HikariPool        : HikariPool-1 - Added connection conn0: url=jdbc:h2:mem:testdb user=SA
2024-12-11T16:22:10.725-03:00  INFO 9460 --- [           main] com.zaxxer.hikari.HikariDataSource       : HikariPool-1 - Start completed.
2024-12-11T16:22:10.817-03:00  INFO 9460 --- [           main] o.hibernate.jpa.internal.util.LogHelper  : HHH000204: Processing PersistenceUnitInfo [name: default]
2024-12-11T16:22:10.951-03:00  INFO 9460 --- [           main] org.hibernate.Version                    : HHH000412: Hibernate ORM core version 6.2.25.Final
2024-12-11T16:22:10.958-03:00  INFO 9460 --- [           main] org.hibernate.cfg.Environment            : HHH000406: Using bytecode reflection optimizer
2024-12-11T16:22:11.675-03:00  INFO 9460 --- [           main] o.s.o.j.p.SpringPersistenceUnitInfo      : No LoadTimeWeaver setup: ignoring JPA class transformer
2024-12-11T16:22:14.155-03:00  INFO 9460 --- [           main] o.h.e.t.j.p.i.JtaPlatformInitiator       : HHH000489: No JTA platform available (set 'hibernate.transaction.jta.platform' to enable JTA platform integration)
Hibernate: 
    drop table if exists tb_category cascade 
Hibernate: 
    drop table if exists tb_order cascade 
Hibernate: 
    drop table if exists tb_order_item cascade 
Hibernate: 
    drop table if exists tb_payment cascade 
Hibernate: 
    drop table if exists tb_product cascade 
Hibernate: 
    drop table if exists tb_product_category cascade 
Hibernate: 
    drop table if exists tb_role cascade 
Hibernate: 
    drop table if exists tb_user cascade 
Hibernate: 
    drop table if exists tb_user_role cascade 
Hibernate: 
    create table tb_category (
        id bigint generated by default as identity,
        name varchar(255),
        primary key (id)
    )
Hibernate: 
    create table tb_order (
        status tinyint check (status between 0 and 4),
        client_id bigint,
        id bigint generated by default as identity,
        moment TIMESTAMP WITHOUT TIME ZONE,
        primary key (id)
    )
Hibernate: 
    create table tb_order_item (
        price float(53),
        quantity integer,
        order_id bigint not null,
        product_id bigint not null,
        primary key (order_id, product_id)
    )
Hibernate: 
    create table tb_payment (
        moment TIMESTAMP WITHOUT TIME ZONE,
        order_id bigint not null,
        primary key (order_id)
    )
Hibernate: 
    create table tb_product (
        price float(53),
        id bigint generated by default as identity,
        description TEXT,
        img_url varchar(255),
        name varchar(255),
        primary key (id)
    )
Hibernate: 
    create table tb_product_category (
        category_id bigint not null,
        product_id bigint not null,
        primary key (category_id, product_id)
    )
Hibernate: 
    create table tb_role (
        id bigint generated by default as identity,
        authority varchar(255),
        primary key (id)
    )
Hibernate: 
    create table tb_user (
        birth_date date,
        id bigint generated by default as identity,
        email varchar(255) unique,
        name varchar(255),
        password varchar(255),
        phone varchar(255),
        primary key (id)
    )
Hibernate: 
    create table tb_user_role (
        role_id bigint not null,
        user_id bigint not null,
        primary key (role_id, user_id)
    )
Hibernate: 
    alter table if exists tb_order 
       add constraint FKi0x0rv7d65vsceuy33km9567n 
       foreign key (client_id) 
       references tb_user
Hibernate: 
    alter table if exists tb_order_item 
       add constraint FK4h5xid5qehset7qwe5l9c997x 
       foreign key (product_id) 
       references tb_product
Hibernate: 
    alter table if exists tb_order_item 
       add constraint FKgeobgl2xu916he8vhljktwxnx 
       foreign key (order_id) 
       references tb_order
Hibernate: 
    alter table if exists tb_payment 
       add constraint FKokaf4il2cwit4h780c25dv04r 
       foreign key (order_id) 
       references tb_order
Hibernate: 
    alter table if exists tb_product_category 
       add constraint FK5r4sbavb4nkd9xpl0f095qs2a 
       foreign key (category_id) 
       references tb_category
Hibernate: 
    alter table if exists tb_product_category 
       add constraint FKgbof0jclmaf8wn2alsoexxq3u 
       foreign key (product_id) 
       references tb_product
Hibernate: 
    alter table if exists tb_user_role 
       add constraint FKea2ootw6b6bb0xt3ptl28bymv 
       foreign key (role_id) 
       references tb_role
Hibernate: 
    alter table if exists tb_user_role 
       add constraint FK7vn3h53d0tqdimm8cp45gc0kl 
       foreign key (user_id) 
       references tb_user
Hibernate: INSERT INTO tb_category(name) VALUES ('Livros')
Hibernate: INSERT INTO tb_category(name) VALUES ('EletrÃ´nicos')
Hibernate: INSERT INTO tb_category(name) VALUES ('Computadores')
Hibernate: INSERT INTO tb_product (name, price, description, img_url) VALUES ('The Lord of the Rings', 90.5, 'Lorem ipsum dolor sit amet, consectetur adipiscing elit, sed do eiusmod tempor incididunt ut labore et dolore magna aliqua. Ut enim ad minim veniam, quis nostrud exercitation ullamco laboris nisi ut aliquip ex ea commodo consequat. Duis aute irure dolor in reprehenderit in voluptate velit esse cillum dolore eu fugiat nulla pariatur. Excepteur sint occaecat cupidatat non proident, sunt in culpa qui officia deserunt mollit anim id est laborum.', 'https://raw.githubusercontent.com/devsuperior/dscatalog-resources/master/backend/img/1-big.jpg')
Hibernate: INSERT INTO tb_product (name, price, description, img_url) VALUES ('Smart TV', 2190.0, 'Lorem ipsum dolor sit amet, consectetur adipiscing elit, sed do eiusmod tempor incididunt ut labore et dolore magna aliqua. Ut enim ad minim veniam, quis nostrud exercitation ullamco laboris nisi ut aliquip ex ea commodo consequat. Duis aute irure dolor in reprehenderit in voluptate velit esse cillum dolore eu fugiat nulla pariatur. Excepteur sint occaecat cupidatat non proident, sunt in culpa qui officia deserunt mollit anim id est laborum.', 'https://raw.githubusercontent.com/devsuperior/dscatalog-resources/master/backend/img/2-big.jpg')
Hibernate: INSERT INTO tb_product (name, price, description, img_url) VALUES ('Macbook Pro', 1250.0, 'Lorem ipsum dolor sit amet, consectetur adipiscing elit, sed do eiusmod tempor incididunt ut labore et dolore magna aliqua. Ut enim ad minim veniam, quis nostrud exercitation ullamco laboris nisi ut aliquip ex ea commodo consequat. Duis aute irure dolor in reprehenderit in voluptate velit esse cillum dolore eu fugiat nulla pariatur. Excepteur sint occaecat cupidatat non proident, sunt in culpa qui officia deserunt mollit anim id est laborum.', 'https://raw.githubusercontent.com/devsuperior/dscatalog-resources/master/backend/img/3-big.jpg')
Hibernate: INSERT INTO tb_product (name, price, description, img_url) VALUES ('PC Gamer', 1200.0, 'Lorem ipsum dolor sit amet, consectetur adipiscing elit, sed do eiusmod tempor incididunt ut labore et dolore magna aliqua. Ut enim ad minim veniam, quis nostrud exercitation ullamco laboris nisi ut aliquip ex ea commodo consequat. Duis aute irure dolor in reprehenderit in voluptate velit esse cillum dolore eu fugiat nulla pariatur. Excepteur sint occaecat cupidatat non proident, sunt in culpa qui officia deserunt mollit anim id est laborum.', 'https://raw.githubusercontent.com/devsuperior/dscatalog-resources/master/backend/img/4-big.jpg')
Hibernate: INSERT INTO tb_product (name, price, description, img_url) VALUES ('Rails for Dummies', 100.99, 'Lorem ipsum dolor sit amet, consectetur adipiscing elit, sed do eiusmod tempor incididunt ut labore et dolore magna aliqua. Ut enim ad minim veniam, quis nostrud exercitation ullamco laboris nisi ut aliquip ex ea commodo consequat. Duis aute irure dolor in reprehenderit in voluptate velit esse cillum dolore eu fugiat nulla pariatur. Excepteur sint occaecat cupidatat non proident, sunt in culpa qui officia deserunt mollit anim id est laborum.', 'https://raw.githubusercontent.com/devsuperior/dscatalog-resources/master/backend/img/5-big.jpg')
Hibernate: INSERT INTO tb_product (name, price, description, img_url) VALUES ('PC Gamer Ex', 1350.0, 'Lorem ipsum dolor sit amet, consectetur adipiscing elit, sed do eiusmod tempor incididunt ut labore et dolore magna aliqua. Ut enim ad minim veniam, quis nostrud exercitation ullamco laboris nisi ut aliquip ex ea commodo consequat. Duis aute irure dolor in reprehenderit in voluptate velit esse cillum dolore eu fugiat nulla pariatur. Excepteur sint occaecat cupidatat non proident, sunt in culpa qui officia deserunt mollit anim id est laborum.', 'https://raw.githubusercontent.com/devsuperior/dscatalog-resources/master/backend/img/6-big.jpg')
Hibernate: INSERT INTO tb_product (name, price, description, img_url) VALUES ('PC Gamer X', 1350.0, 'Lorem ipsum dolor sit amet, consectetur adipiscing elit, sed do eiusmod tempor incididunt ut labore et dolore magna aliqua. Ut enim ad minim veniam, quis nostrud exercitation ullamco laboris nisi ut aliquip ex ea commodo consequat. Duis aute irure dolor in reprehenderit in voluptate velit esse cillum dolore eu fugiat nulla pariatur. Excepteur sint occaecat cupidatat non proident, sunt in culpa qui officia deserunt mollit anim id est laborum.', 'https://raw.githubusercontent.com/devsuperior/dscatalog-resources/master/backend/img/7-big.jpg')
Hibernate: INSERT INTO tb_product (name, price, description, img_url) VALUES ('PC Gamer Alfa', 1850.0, 'Lorem ipsum dolor sit amet, consectetur adipiscing elit, sed do eiusmod tempor incididunt ut labore et dolore magna aliqua. Ut enim ad minim veniam, quis nostrud exercitation ullamco laboris nisi ut aliquip ex ea commodo consequat. Duis aute irure dolor in reprehenderit in voluptate velit esse cillum dolore eu fugiat nulla pariatur. Excepteur sint occaecat cupidatat non proident, sunt in culpa qui officia deserunt mollit anim id est laborum.', 'https://raw.githubusercontent.com/devsuperior/dscatalog-resources/master/backend/img/8-big.jpg')
Hibernate: INSERT INTO tb_product (name, price, description, img_url) VALUES ('PC Gamer Tera', 1950.0, 'Lorem ipsum dolor sit amet, consectetur adipiscing elit, sed do eiusmod tempor incididunt ut labore et dolore magna aliqua. Ut enim ad minim veniam, quis nostrud exercitation ullamco laboris nisi ut aliquip ex ea commodo consequat. Duis aute irure dolor in reprehenderit in voluptate velit esse cillum dolore eu fugiat nulla pariatur. Excepteur sint occaecat cupidatat non proident, sunt in culpa qui officia deserunt mollit anim id est laborum.', 'https://raw.githubusercontent.com/devsuperior/dscatalog-resources/master/backend/img/9-big.jpg')
Hibernate: INSERT INTO tb_product (name, price, description, img_url) VALUES ('PC Gamer Y', 1700.0, 'Lorem ipsum dolor sit amet, consectetur adipiscing elit, sed do eiusmod tempor incididunt ut labore et dolore magna aliqua. Ut enim ad minim veniam, quis nostrud exercitation ullamco laboris nisi ut aliquip ex ea commodo consequat. Duis aute irure dolor in reprehenderit in voluptate velit esse cillum dolore eu fugiat nulla pariatur. Excepteur sint occaecat cupidatat non proident, sunt in culpa qui officia deserunt mollit anim id est laborum.', 'https://raw.githubusercontent.com/devsuperior/dscatalog-resources/master/backend/img/10-big.jpg')
Hibernate: INSERT INTO tb_product (name, price, description, img_url) VALUES ('PC Gamer Nitro', 1450.0, 'Lorem ipsum dolor sit amet, consectetur adipiscing elit, sed do eiusmod tempor incididunt ut labore et dolore magna aliqua. Ut enim ad minim veniam, quis nostrud exercitation ullamco laboris nisi ut aliquip ex ea commodo consequat. Duis aute irure dolor in reprehenderit in voluptate velit esse cillum dolore eu fugiat nulla pariatur. Excepteur sint occaecat cupidatat non proident, sunt in culpa qui officia deserunt mollit anim id est laborum.', 'https://raw.githubusercontent.com/devsuperior/dscatalog-resources/master/backend/img/11-big.jpg')
Hibernate: INSERT INTO tb_product (name, price, description, img_url) VALUES ('PC Gamer Card', 1850.0, 'Lorem ipsum dolor sit amet, consectetur adipiscing elit, sed do eiusmod tempor incididunt ut labore et dolore magna aliqua. Ut enim ad minim veniam, quis nostrud exercitation ullamco laboris nisi ut aliquip ex ea commodo consequat. Duis aute irure dolor in reprehenderit in voluptate velit esse cillum dolore eu fugiat nulla pariatur. Excepteur sint occaecat cupidatat non proident, sunt in culpa qui officia deserunt mollit anim id est laborum.', 'https://raw.githubusercontent.com/devsuperior/dscatalog-resources/master/backend/img/12-big.jpg')
Hibernate: INSERT INTO tb_product (name, price, description, img_url) VALUES ('PC Gamer Plus', 1350.0, 'Lorem ipsum dolor sit amet, consectetur adipiscing elit, sed do eiusmod tempor incididunt ut labore et dolore magna aliqua. Ut enim ad minim veniam, quis nostrud exercitation ullamco laboris nisi ut aliquip ex ea commodo consequat. Duis aute irure dolor in reprehenderit in voluptate velit esse cillum dolore eu fugiat nulla pariatur. Excepteur sint occaecat cupidatat non proident, sunt in culpa qui officia deserunt mollit anim id est laborum.', 'https://raw.githubusercontent.com/devsuperior/dscatalog-resources/master/backend/img/13-big.jpg')
Hibernate: INSERT INTO tb_product (name, price, description, img_url) VALUES ('PC Gamer Hera', 2250.0, 'Lorem ipsum dolor sit amet, consectetur adipiscing elit, sed do eiusmod tempor incididunt ut labore et dolore magna aliqua. Ut enim ad minim veniam, quis nostrud exercitation ullamco laboris nisi ut aliquip ex ea commodo consequat. Duis aute irure dolor in reprehenderit in voluptate velit esse cillum dolore eu fugiat nulla pariatur. Excepteur sint occaecat cupidatat non proident, sunt in culpa qui officia deserunt mollit anim id est laborum.', 'https://raw.githubusercontent.com/devsuperior/dscatalog-resources/master/backend/img/14-big.jpg')
Hibernate: INSERT INTO tb_product (name, price, description, img_url) VALUES ('PC Gamer Weed', 2200.0, 'Lorem ipsum dolor sit amet, consectetur adipiscing elit, sed do eiusmod tempor incididunt ut labore et dolore magna aliqua. Ut enim ad minim veniam, quis nostrud exercitation ullamco laboris nisi ut aliquip ex ea commodo consequat. Duis aute irure dolor in reprehenderit in voluptate velit esse cillum dolore eu fugiat nulla pariatur. Excepteur sint occaecat cupidatat non proident, sunt in culpa qui officia deserunt mollit anim id est laborum.', 'https://raw.githubusercontent.com/devsuperior/dscatalog-resources/master/backend/img/15-big.jpg')
Hibernate: INSERT INTO tb_product (name, price, description, img_url) VALUES ('PC Gamer Max', 2340.0, 'Lorem ipsum dolor sit amet, consectetur adipiscing elit, sed do eiusmod tempor incididunt ut labore et dolore magna aliqua. Ut enim ad minim veniam, quis nostrud exercitation ullamco laboris nisi ut aliquip ex ea commodo consequat. Duis aute irure dolor in reprehenderit in voluptate velit esse cillum dolore eu fugiat nulla pariatur. Excepteur sint occaecat cupidatat non proident, sunt in culpa qui officia deserunt mollit anim id est laborum.', 'https://raw.githubusercontent.com/devsuperior/dscatalog-resources/master/backend/img/16-big.jpg')
Hibernate: INSERT INTO tb_product (name, price, description, img_url) VALUES ('PC Gamer Turbo', 1280.0, 'Lorem ipsum dolor sit amet, consectetur adipiscing elit, sed do eiusmod tempor incididunt ut labore et dolore magna aliqua. Ut enim ad minim veniam, quis nostrud exercitation ullamco laboris nisi ut aliquip ex ea commodo consequat. Duis aute irure dolor in reprehenderit in voluptate velit esse cillum dolore eu fugiat nulla pariatur. Excepteur sint occaecat cupidatat non proident, sunt in culpa qui officia deserunt mollit anim id est laborum.', 'https://raw.githubusercontent.com/devsuperior/dscatalog-resources/master/backend/img/17-big.jpg')
Hibernate: INSERT INTO tb_product (name, price, description, img_url) VALUES ('PC Gamer Hot', 1450.0, 'Lorem ipsum dolor sit amet, consectetur adipiscing elit, sed do eiusmod tempor incididunt ut labore et dolore magna aliqua. Ut enim ad minim veniam, quis nostrud exercitation ullamco laboris nisi ut aliquip ex ea commodo consequat. Duis aute irure dolor in reprehenderit in voluptate velit esse cillum dolore eu fugiat nulla pariatur. Excepteur sint occaecat cupidatat non proident, sunt in culpa qui officia deserunt mollit anim id est laborum.', 'https://raw.githubusercontent.com/devsuperior/dscatalog-resources/master/backend/img/18-big.jpg')
Hibernate: INSERT INTO tb_product (name, price, description, img_url) VALUES ('PC Gamer Ez', 1750.0, 'Lorem ipsum dolor sit amet, consectetur adipiscing elit, sed do eiusmod tempor incididunt ut labore et dolore magna aliqua. Ut enim ad minim veniam, quis nostrud exercitation ullamco laboris nisi ut aliquip ex ea commodo consequat. Duis aute irure dolor in reprehenderit in voluptate velit esse cillum dolore eu fugiat nulla pariatur. Excepteur sint occaecat cupidatat non proident, sunt in culpa qui officia deserunt mollit anim id est laborum.', 'https://raw.githubusercontent.com/devsuperior/dscatalog-resources/master/backend/img/19-big.jpg')
Hibernate: INSERT INTO tb_product (name, price, description, img_url) VALUES ('PC Gamer Tr', 1650.0, 'Lorem ipsum dolor sit amet, consectetur adipiscing elit, sed do eiusmod tempor incididunt ut labore et dolore magna aliqua. Ut enim ad minim veniam, quis nostrud exercitation ullamco laboris nisi ut aliquip ex ea commodo consequat. Duis aute irure dolor in reprehenderit in voluptate velit esse cillum dolore eu fugiat nulla pariatur. Excepteur sint occaecat cupidatat non proident, sunt in culpa qui officia deserunt mollit anim id est laborum.', 'https://raw.githubusercontent.com/devsuperior/dscatalog-resources/master/backend/img/20-big.jpg')
Hibernate: INSERT INTO tb_product (name, price, description, img_url) VALUES ('PC Gamer Tx', 1680.0, 'Lorem ipsum dolor sit amet, consectetur adipiscing elit, sed do eiusmod tempor incididunt ut labore et dolore magna aliqua. Ut enim ad minim veniam, quis nostrud exercitation ullamco laboris nisi ut aliquip ex ea commodo consequat. Duis aute irure dolor in reprehenderit in voluptate velit esse cillum dolore eu fugiat nulla pariatur. Excepteur sint occaecat cupidatat non proident, sunt in culpa qui officia deserunt mollit anim id est laborum.', 'https://raw.githubusercontent.com/devsuperior/dscatalog-resources/master/backend/img/21-big.jpg')
Hibernate: INSERT INTO tb_product (name, price, description, img_url) VALUES ('PC Gamer Er', 1850.0, 'Lorem ipsum dolor sit amet, consectetur adipiscing elit, sed do eiusmod tempor incididunt ut labore et dolore magna aliqua. Ut enim ad minim veniam, quis nostrud exercitation ullamco laboris nisi ut aliquip ex ea commodo consequat. Duis aute irure dolor in reprehenderit in voluptate velit esse cillum dolore eu fugiat nulla pariatur. Excepteur sint occaecat cupidatat non proident, sunt in culpa qui officia deserunt mollit anim id est laborum.', 'https://raw.githubusercontent.com/devsuperior/dscatalog-resources/master/backend/img/22-big.jpg')
Hibernate: INSERT INTO tb_product (name, price, description, img_url) VALUES ('PC Gamer Min', 2250.0, 'Lorem ipsum dolor sit amet, consectetur adipiscing elit, sed do eiusmod tempor incididunt ut labore et dolore magna aliqua. Ut enim ad minim veniam, quis nostrud exercitation ullamco laboris nisi ut aliquip ex ea commodo consequat. Duis aute irure dolor in reprehenderit in voluptate velit esse cillum dolore eu fugiat nulla pariatur. Excepteur sint occaecat cupidatat non proident, sunt in culpa qui officia deserunt mollit anim id est laborum.', 'https://raw.githubusercontent.com/devsuperior/dscatalog-resources/master/backend/img/23-big.jpg')
Hibernate: INSERT INTO tb_product (name, price, description, img_url) VALUES ('PC Gamer Boo', 2350.0, 'Lorem ipsum dolor sit amet, consectetur adipiscing elit, sed do eiusmod tempor incididunt ut labore et dolore magna aliqua. Ut enim ad minim veniam, quis nostrud exercitation ullamco laboris nisi ut aliquip ex ea commodo consequat. Duis aute irure dolor in reprehenderit in voluptate velit esse cillum dolore eu fugiat nulla pariatur. Excepteur sint occaecat cupidatat non proident, sunt in culpa qui officia deserunt mollit anim id est laborum.', 'https://raw.githubusercontent.com/devsuperior/dscatalog-resources/master/backend/img/24-big.jpg')
Hibernate: INSERT INTO tb_product (name, price, description, img_url) VALUES ('PC Gamer Foo', 4170.0, 'Lorem ipsum dolor sit amet, consectetur adipiscing elit, sed do eiusmod tempor incididunt ut labore et dolore magna aliqua. Ut enim ad minim veniam, quis nostrud exercitation ullamco laboris nisi ut aliquip ex ea commodo consequat. Duis aute irure dolor in reprehenderit in voluptate velit esse cillum dolore eu fugiat nulla pariatur. Excepteur sint occaecat cupidatat non proident, sunt in culpa qui officia deserunt mollit anim id est laborum.', 'https://raw.githubusercontent.com/devsuperior/dscatalog-resources/master/backend/img/25-big.jpg')
Hibernate: INSERT INTO tb_product_category (product_id, category_id) VALUES (1, 1)
Hibernate: INSERT INTO tb_product_category (product_id, category_id) VALUES (2, 2)
Hibernate: INSERT INTO tb_product_category (product_id, category_id) VALUES (2, 3)
Hibernate: INSERT INTO tb_product_category (product_id, category_id) VALUES (3, 3)
Hibernate: INSERT INTO tb_product_category (product_id, category_id) VALUES (4, 3)
Hibernate: INSERT INTO tb_product_category (product_id, category_id) VALUES (5, 1)
Hibernate: INSERT INTO tb_product_category (product_id, category_id) VALUES (6, 3)
Hibernate: INSERT INTO tb_product_category (product_id, category_id) VALUES (7, 3)
Hibernate: INSERT INTO tb_product_category (product_id, category_id) VALUES (8, 3)
Hibernate: INSERT INTO tb_product_category (product_id, category_id) VALUES (9, 3)
Hibernate: INSERT INTO tb_product_category (product_id, category_id) VALUES (10, 3)
Hibernate: INSERT INTO tb_product_category (product_id, category_id) VALUES (11, 3)
Hibernate: INSERT INTO tb_product_category (product_id, category_id) VALUES (12, 3)
Hibernate: INSERT INTO tb_product_category (product_id, category_id) VALUES (13, 3)
Hibernate: INSERT INTO tb_product_category (product_id, category_id) VALUES (14, 3)
Hibernate: INSERT INTO tb_product_category (product_id, category_id) VALUES (15, 3)
Hibernate: INSERT INTO tb_product_category (product_id, category_id) VALUES (16, 3)
Hibernate: INSERT INTO tb_product_category (product_id, category_id) VALUES (17, 3)
Hibernate: INSERT INTO tb_product_category (product_id, category_id) VALUES (18, 3)
Hibernate: INSERT INTO tb_product_category (product_id, category_id) VALUES (19, 3)
Hibernate: INSERT INTO tb_product_category (product_id, category_id) VALUES (20, 3)
Hibernate: INSERT INTO tb_product_category (product_id, category_id) VALUES (21, 3)
Hibernate: INSERT INTO tb_product_category (product_id, category_id) VALUES (22, 3)
Hibernate: INSERT INTO tb_product_category (product_id, category_id) VALUES (23, 3)
Hibernate: INSERT INTO tb_product_category (product_id, category_id) VALUES (24, 3)
Hibernate: INSERT INTO tb_product_category (product_id, category_id) VALUES (25, 3)
Hibernate: INSERT INTO tb_user (name, email, phone, password, birth_date) VALUES ('Maria Brown', 'maria@gmail.com', '988888888', '$2a$10$N7SkKCa3r17ga.i.dF9iy.BFUBL2n3b6Z1CWSZWi/qy7ABq/E6VpO', '2001-07-25')
Hibernate: INSERT INTO tb_user (name, email, phone, password, birth_date) VALUES ('Alex Green', 'alex@gmail.com', '977777777', '$2a$10$N7SkKCa3r17ga.i.dF9iy.BFUBL2n3b6Z1CWSZWi/qy7ABq/E6VpO', '1987-12-13')
Hibernate: INSERT INTO tb_role (authority) VALUES ('ROLE_CLIENT')
Hibernate: INSERT INTO tb_role (authority) VALUES ('ROLE_ADMIN')
Hibernate: INSERT INTO tb_user_role (user_id, role_id) VALUES (1, 1)
Hibernate: INSERT INTO tb_user_role (user_id, role_id) VALUES (2, 1)
Hibernate: INSERT INTO tb_user_role (user_id, role_id) VALUES (2, 2)
Hibernate: INSERT INTO tb_order (moment, status, client_id) VALUES (TIMESTAMP WITH TIME ZONE '2022-07-25T13:00:00Z', 1, 1)
Hibernate: INSERT INTO tb_order (moment, status, client_id) VALUES (TIMESTAMP WITH TIME ZONE '2022-07-29T15:50:00Z', 3, 2)
Hibernate: INSERT INTO tb_order (moment, status, client_id) VALUES (TIMESTAMP WITH TIME ZONE '2022-08-03T14:20:00Z', 0, 1)
Hibernate: INSERT INTO tb_order_item (order_id, product_id, quantity, price) VALUES (1, 1, 2, 90.5)
Hibernate: INSERT INTO tb_order_item (order_id, product_id, quantity, price) VALUES (1, 3, 1, 1250.0)
Hibernate: INSERT INTO tb_order_item (order_id, product_id, quantity, price) VALUES (2, 3, 1, 1250.0)
Hibernate: INSERT INTO tb_order_item (order_id, product_id, quantity, price) VALUES (3, 1, 1, 90.5)
Hibernate: INSERT INTO tb_payment (order_id, moment) VALUES (1, TIMESTAMP WITH TIME ZONE '2022-07-25T15:00:00Z')
Hibernate: INSERT INTO tb_payment (order_id, moment) VALUES (2, TIMESTAMP WITH TIME ZONE '2022-07-30T11:00:00Z')
2024-12-11T16:22:14.332-03:00  INFO 9460 --- [           main] j.LocalContainerEntityManagerFactoryBean : Initialized JPA EntityManagerFactory for persistence unit 'default'
2024-12-11T16:22:14.864-03:00  INFO 9460 --- [           main] o.s.d.j.r.query.QueryEnhancerFactory     : Hibernate is in classpath; If applicable, HQL parser will be used.
2024-12-11T16:22:16.630-03:00  INFO 9460 --- [           main] o.s.s.web.DefaultSecurityFilterChain     : Will secure org.springframework.security.oauth2.server.authorization.config.annotation.web.configurers.OAuth2AuthorizationServerConfigurer$$Lambda$1567/0x0000000800a6e748@2cc60597 with [org.springframework.security.web.session.DisableEncodeUrlFilter@f7fa6b6, org.springframework.security.web.context.request.async.WebAsyncManagerIntegrationFilter@748723c2, org.springframework.security.web.context.SecurityContextHolderFilter@22886fc1, org.springframework.security.oauth2.server.authorization.config.annotation.web.configurers.AuthorizationServerContextFilter@4c13fb61, org.springframework.security.web.header.HeaderWriterFilter@6bbdff76, org.springframework.security.web.csrf.CsrfFilter@43f464b1, org.springframework.security.web.authentication.logout.LogoutFilter@65e4088f, org.springframework.security.oauth2.server.authorization.web.OAuth2AuthorizationServerMetadataEndpointFilter@11e11bf5, org.springframework.security.oauth2.server.authorization.web.OAuth2AuthorizationEndpointFilter@6c808b47, org.springframework.security.oauth2.server.authorization.web.OAuth2DeviceVerificationEndpointFilter@222b24dd, org.springframework.security.oauth2.server.authorization.web.NimbusJwkSetEndpointFilter@76a4bb03, org.springframework.security.oauth2.server.authorization.web.OAuth2ClientAuthenticationFilter@30e947c7, org.springframework.security.oauth2.server.resource.web.authentication.BearerTokenAuthenticationFilter@4bfe79c, org.springframework.security.web.savedrequest.RequestCacheAwareFilter@58df5c2, org.springframework.security.web.servletapi.SecurityContextHolderAwareRequestFilter@23e0f531, org.springframework.security.web.authentication.AnonymousAuthenticationFilter@2f8be7e8, org.springframework.security.web.access.ExceptionTranslationFilter@272bea02, org.springframework.security.web.access.intercept.AuthorizationFilter@1e38ed3b, org.springframework.security.oauth2.server.authorization.web.OAuth2TokenEndpointFilter@1ca56a1d, org.springframework.security.oauth2.server.authorization.web.OAuth2TokenIntrospectionEndpointFilter@5c161920, org.springframework.security.oauth2.server.authorization.web.OAuth2TokenRevocationEndpointFilter@3bec416d, org.springframework.security.oauth2.server.authorization.web.OAuth2DeviceAuthorizationEndpointFilter@62a24416]
2024-12-11T16:22:16.990-03:00  INFO 9460 --- [           main] o.s.s.web.DefaultSecurityFilterChain     : Will secure org.springframework.boot.autoconfigure.security.servlet.PathRequest$H2ConsoleRequestMatcher@1d63f0fe with [org.springframework.security.web.session.DisableEncodeUrlFilter@70f299ca, org.springframework.security.web.context.request.async.WebAsyncManagerIntegrationFilter@6b3266b9, org.springframework.security.web.context.SecurityContextHolderFilter@1e8cb0a9, org.springframework.security.web.header.HeaderWriterFilter@76d5e139, org.springframework.security.web.authentication.logout.LogoutFilter@283be97f, org.springframework.security.web.savedrequest.RequestCacheAwareFilter@2322c9f7, org.springframework.security.web.servletapi.SecurityContextHolderAwareRequestFilter@acce60e, org.springframework.security.web.authentication.AnonymousAuthenticationFilter@1cb50ab1, org.springframework.security.web.access.ExceptionTranslationFilter@ae46471]
2024-12-11T16:22:17.004-03:00  INFO 9460 --- [           main] o.s.s.web.DefaultSecurityFilterChain     : Will secure any request with [org.springframework.security.web.session.DisableEncodeUrlFilter@40045f23, org.springframework.security.web.context.request.async.WebAsyncManagerIntegrationFilter@4ed59c18, org.springframework.security.web.context.SecurityContextHolderFilter@57682043, org.springframework.security.web.header.HeaderWriterFilter@4f5ad6c6, org.springframework.web.filter.CorsFilter@6002379e, org.springframework.security.web.authentication.logout.LogoutFilter@304381b4, org.springframework.security.oauth2.server.resource.web.authentication.BearerTokenAuthenticationFilter@25e16307, org.springframework.security.web.savedrequest.RequestCacheAwareFilter@4740b02, org.springframework.security.web.servletapi.SecurityContextHolderAwareRequestFilter@3f4acac1, org.springframework.security.web.authentication.AnonymousAuthenticationFilter@71d181c8, org.springframework.security.web.access.ExceptionTranslationFilter@33e11c99, org.springframework.security.web.access.intercept.AuthorizationFilter@7dbe6c2f]
2024-12-11T16:22:17.445-03:00  INFO 9460 --- [           main] o.s.b.a.h2.H2ConsoleAutoConfiguration    : H2 console available at '/h2-console'. Database available at 'jdbc:h2:mem:testdb'
2024-12-11T16:22:17.521-03:00  INFO 9460 --- [           main] c.d.d.DscommerceApplicationTests         : Started DscommerceApplicationTests in 10.353 seconds (process running for 12.705)
]]></system-out>
  </testcase>
</testsuite>