<?xml version="1.0" encoding="UTF-8"?>
<testsuite xmlns:xsi="http://www.w3.org/2001/XMLSchema-instance" xsi:noNamespaceSchemaLocation="https://maven.apache.org/surefire/maven-surefire-plugin/xsd/surefire-test-report-3.0.xsd" version="3.0" name="com.devsuperior.dscommerce.services.UserServiceTests" time="0.185" tests="6" errors="0" skipped="0" failures="0">
  <properties>
[...]
</properties>
  <testcase name="authenticatedShouldThrowUsernameNotFoundExceptionWhenUserDoesNotExist" classname="com.devsuperior.dscommerce.services.UserServiceTests" time="0.009">
    <system-out><![CDATA[2024-12-11T16:22:19.724-03:00  INFO 9460 --- [           main] t.c.s.AnnotationConfigContextLoaderUtils : Could not detect default configuration classes for test class [com.devsuperior.dscommerce.services.UserServiceTests]: UserServiceTests does not declare any static, non-private, non-final, nested classes annotated with @Configuration.
]]></system-out>
  </testcase>
  <testcase name="getMeShouldThrowUsernameNotFoundExceptionWhenUserNotAuthenticated" classname="com.devsuperior.dscommerce.services.UserServiceTests" time="0.008"/>
  <testcase name="authenticatedShouldReturnUserWhenUserExists" classname="com.devsuperior.dscommerce.services.UserServiceTests" time="0.004"/>
  <testcase name="loadUserByUsernameShouldReturnUserDettailsWhenUserExists" classname="com.devsuperior.dscommerce.services.UserServiceTests" time="0.003"/>
  <testcase name="loadUserByUsernameShouldThrowUserNotFoundExceptionWhenUserDoesNotExist" classname="com.devsuperior.dscommerce.services.UserServiceTests" time="0.004"/>
  <testcase name="getMeShouldReturnUserDTOWhenUserAuthenticated" classname="com.devsuperior.dscommerce.services.UserServiceTests" time="0.004"/>
</testsuite>